<?xml version="1.0" encoding="UTF-8"?>
<!-- Generated by org.testng.reporters.JUnitXMLReporter -->
<testsuite ignored="0" hostname="ElavarasanSJ" failures="0" tests="10" name="Default test" time="16.541" errors="0" timestamp="2024-10-23T10:20:40 IST">
  <testcase classname="executing.SelectHotelJunit" name="BrowserLaunch" time="9.455"/>
  <testcase classname="executing.SelectHotelJunit" name="LoginPageValidation" time="0.156"/>
  <testcase classname="executing.SelectHotelJunit" name="EnterValidLoginCrdentials" time="1.875"/>
  <testcase classname="executing.SelectHotelJunit" name="ClickLoginButton" time="1.801"/>
  <testcase classname="executing.SelectHotelJunit" name="SearchHotelPageValidation" time="0.054"/>
  <testcase classname="executing.SelectHotelJunit" name="SearchHotelValueField" time="1.613"/>
  <testcase classname="executing.SelectHotelJunit" name="SearchHotelSearchButton" time="0.671"/>
  <testcase classname="executing.SelectHotelJunit" name="SelectHotelValidation" time="0.043"/>
  <testcase classname="executing.SelectHotelJunit" name="SelectHotel" time="0.425"/>
  <testcase classname="executing.SelectHotelJunit" name="SlectHotelContinueButton" time="0.342"/>
</testsuite> <!-- Default test -->
